<?xml version="1.0" encoding="UTF-8"?>
<testng-results ignored="0" total="1" passed="1" failed="0" skipped="0">
  <reporter-output>
  </reporter-output>
  <suite started-at="2024-07-26T11:20:42 IST" name="Default suite" finished-at="2024-07-26T11:21:06 IST" duration-ms="24184">
    <groups>
    </groups>
    <test started-at="2024-07-26T11:20:42 IST" name="Default test" finished-at="2024-07-26T11:21:06 IST" duration-ms="24184">
      <class name="ExtractImagePDFData.VoterDataExtractionPDFtoCSV">
        <test-method is-config="true" signature="CreateFolder()[pri:0, instance:ExtractImagePDFData.VoterDataExtractionPDFtoCSV@4c371370]" started-at="2024-07-26T11:20:42 IST" name="CreateFolder" finished-at="2024-07-26T11:20:42 IST" duration-ms="6" status="PASS">
          <reporter-output>
          </reporter-output>
        </test-method> <!-- CreateFolder -->
        <test-method signature="main()[pri:0, instance:ExtractImagePDFData.VoterDataExtractionPDFtoCSV@4c371370]" started-at="2024-07-26T11:20:42 IST" name="main" finished-at="2024-07-26T11:21:06 IST" duration-ms="24152" status="PASS">
          <reporter-output>
          </reporter-output>
        </test-method> <!-- main -->
      </class> <!-- ExtractImagePDFData.VoterDataExtractionPDFtoCSV -->
    </test> <!-- Default test -->
  </suite> <!-- Default suite -->
</testng-results>
