<?xml version="1.0" encoding="UTF-8"?>
<testng-results ignored="0" total="1" passed="1" failed="0" skipped="0">
  <reporter-output>
  </reporter-output>
  <suite started-at="2024-07-26T10:16:40 IST" name="Default suite" finished-at="2024-07-26T10:17:34 IST" duration-ms="53645">
    <groups>
    </groups>
    <test started-at="2024-07-26T10:16:40 IST" name="Default test" finished-at="2024-07-26T10:17:34 IST" duration-ms="53645">
      <class name="ExtractImagePDFData.VoterDataExtractionPDFtoCSV">
        <test-method is-config="true" signature="CreateFolder()[pri:0, instance:ExtractImagePDFData.VoterDataExtractionPDFtoCSV@6e20b53a]" started-at="2024-07-26T10:16:40 IST" name="CreateFolder" finished-at="2024-07-26T10:16:40 IST" duration-ms="13" status="PASS">
          <reporter-output>
          </reporter-output>
        </test-method> <!-- CreateFolder -->
        <test-method signature="main()[pri:0, instance:ExtractImagePDFData.VoterDataExtractionPDFtoCSV@6e20b53a]" started-at="2024-07-26T10:16:40 IST" name="main" finished-at="2024-07-26T10:17:34 IST" duration-ms="53577" status="PASS">
          <reporter-output>
          </reporter-output>
        </test-method> <!-- main -->
      </class> <!-- ExtractImagePDFData.VoterDataExtractionPDFtoCSV -->
    </test> <!-- Default test -->
  </suite> <!-- Default suite -->
</testng-results>
